<?xml version="1.0" encoding="UTF-8"?>
<coverage generated="1772111753671" clover="3.2.0">
  <project timestamp="1772111753672" name="All files">
    <metrics statements="11" coveredstatements="11" conditionals="5" coveredconditionals="5" methods="4" coveredmethods="4" elements="20" coveredelements="20" complexity="0" loc="11" ncloc="11" packages="1" files="2" classes="2"/>
    <file name="FilterBar.tsx" path="E:\Projects\mrkts\frontend\src\components\FilterBar.tsx">
      <metrics statements="7" coveredstatements="7" conditionals="2" coveredconditionals="2" methods="3" coveredmethods="3"/>
      <line num="10" count="1" type="stmt"/>
      <line num="12" count="1" type="stmt"/>
      <line num="19" count="1" type="stmt"/>
      <line num="27" count="5" type="stmt"/>
      <line num="30" count="20" type="stmt"/>
      <line num="31" count="20" type="stmt"/>
      <line num="35" count="2" type="stmt"/>
    </file>
    <file name="SentimentBadge.tsx" path="E:\Projects\mrkts\frontend\src\components\SentimentBadge.tsx">
      <metrics statements="4" coveredstatements="4" conditionals="3" coveredconditionals="3" methods="1" coveredmethods="1"/>
      <line num="8" count="1" type="stmt"/>
      <line num="33" count="5" type="stmt"/>
      <line num="34" count="5" type="cond" truecount="2" falsecount="0"/>
      <line num="38" count="5" type="stmt"/>
    </file>
  </project>
</coverage>
