{"E:\\Projects\\mrkts\\frontend\\src\\components\\FilterBar.tsx": {"path":"E:\\Projects\\mrkts\\frontend\\src\\components\\FilterBar.tsx","statementMap":{"0":{"start":{"line":10,"column":31},"end":{"line":10,"column":null}},"1":{"start":{"line":12,"column":51},"end":{"line":17,"column":null}},"2":{"start":{"line":19,"column":49},"end":{"line":24,"column":null}},"3":{"start":{"line":27,"column":2},"end":{"line":46,"column":null}},"4":{"start":{"line":30,"column":25},"end":{"line":30,"column":null}},"5":{"start":{"line":31,"column":8},"end":{"line":43,"column":null}},"6":{"start":{"line":35,"column":27},"end":{"line":35,"column":null}}},"fnMap":{"0":{"name":"FilterBar","decl":{"start":{"line":26,"column":16},"end":{"line":26,"column":26}},"loc":{"start":{"line":26,"column":64},"end":{"line":48,"column":null}},"line":26},"1":{"name":"(anonymous_1)","decl":{"start":{"line":29,"column":19},"end":{"line":29,"column":20}},"loc":{"start":{"line":29,"column":26},"end":{"line":45,"column":7}},"line":29},"2":{"name":"(anonymous_2)","decl":{"start":{"line":35,"column":21},"end":{"line":35,"column":27}},"loc":{"start":{"line":35,"column":27},"end":{"line":35,"column":null}},"line":35}},"branchMap":{"0":{"loc":{"start":{"line":39,"column":16},"end":{"line":39,"column":60}},"type":"cond-expr","locations":[{"start":{"line":39,"column":27},"end":{"line":39,"column":46}},{"start":{"line":39,"column":46},"end":{"line":39,"column":60}}],"line":39}},"s":{"0":1,"1":1,"2":1,"3":5,"4":20,"5":20,"6":2},"f":{"0":5,"1":20,"2":2},"b":{"0":[5,15]},"meta":{"lastBranch":1,"lastFunction":3,"lastStatement":7,"seen":{"s:10:31:10:Infinity":0,"s:12:51:17:Infinity":1,"s:19:49:24:Infinity":2,"f:26:16:26:26":0,"s:27:2:46:Infinity":3,"f:29:19:29:20":1,"s:30:25:30:Infinity":4,"s:31:8:43:Infinity":5,"f:35:21:35:27":2,"s:35:27:35:Infinity":6,"b:39:27:39:46:39:46:39:60":0}}}
,"E:\\Projects\\mrkts\\frontend\\src\\components\\SentimentBadge.tsx": {"path":"E:\\Projects\\mrkts\\frontend\\src\\components\\SentimentBadge.tsx","statementMap":{"0":{"start":{"line":8,"column":111},"end":{"line":30,"column":null}},"1":{"start":{"line":33,"column":12},"end":{"line":33,"column":null}},"2":{"start":{"line":34,"column":20},"end":{"line":36,"column":null}},"3":{"start":{"line":38,"column":2},"end":{"line":43,"column":null}}},"fnMap":{"0":{"name":"SentimentBadge","decl":{"start":{"line":32,"column":16},"end":{"line":32,"column":31}},"loc":{"start":{"line":32,"column":80},"end":{"line":45,"column":null}},"line":32}},"branchMap":{"0":{"loc":{"start":{"line":32,"column":44},"end":{"line":32,"column":56}},"type":"default-arg","locations":[{"start":{"line":32,"column":51},"end":{"line":32,"column":56}}],"line":32},"1":{"loc":{"start":{"line":34,"column":20},"end":{"line":36,"column":null}},"type":"cond-expr","locations":[{"start":{"line":35,"column":6},"end":{"line":35,"column":null}},{"start":{"line":36,"column":6},"end":{"line":36,"column":null}}],"line":34}},"s":{"0":1,"1":5,"2":5,"3":5},"f":{"0":5},"b":{"0":[5],"1":[1,4]},"meta":{"lastBranch":2,"lastFunction":1,"lastStatement":4,"seen":{"s:8:111:30:Infinity":0,"f:32:16:32:31":0,"b:32:51:32:56":0,"s:33:12:33:Infinity":1,"s:34:20:36:Infinity":2,"b:35:6:35:Infinity:36:6:36:Infinity":1,"s:38:2:43:Infinity":3}}}
}
